2017-09-17 15:27:22,579 INFO o.a.j.u.JMeterUtils: Setting Locale to zh_CN
2017-09-17 15:27:22,604 INFO o.a.j.JMeter: Loading user properties from: E:\rails-dev\project\cmock\app\apache-jmeter\bin\user.properties
2017-09-17 15:27:22,604 INFO o.a.j.JMeter: Loading system properties from: E:\rails-dev\project\cmock\app\apache-jmeter\bin\system.properties
2017-09-17 15:27:22,610 INFO o.a.j.JMeter: Copyright (c) 1998-2017 The Apache Software Foundation
2017-09-17 15:27:22,610 INFO o.a.j.JMeter: Version 3.2 r1790748
2017-09-17 15:27:22,610 INFO o.a.j.JMeter: java.version=1.8.0_91
2017-09-17 15:27:22,610 INFO o.a.j.JMeter: java.vm.name=Java HotSpot(TM) 64-Bit Server VM
2017-09-17 15:27:22,610 INFO o.a.j.JMeter: os.name=Windows 10
2017-09-17 15:27:22,610 INFO o.a.j.JMeter: os.arch=amd64
2017-09-17 15:27:22,610 INFO o.a.j.JMeter: os.version=10.0
2017-09-17 15:27:22,610 INFO o.a.j.JMeter: file.encoding=GBK
2017-09-17 15:27:22,610 INFO o.a.j.JMeter: Max memory     =536870912
2017-09-17 15:27:22,610 INFO o.a.j.JMeter: Available Processors =4
2017-09-17 15:27:22,617 INFO o.a.j.JMeter: Default Locale=中文 (中国)
2017-09-17 15:27:22,617 INFO o.a.j.JMeter: JMeter  Locale=中文 (中国)
2017-09-17 15:27:22,617 INFO o.a.j.JMeter: JMeterHome=E:\rails-dev\project\cmock\app\apache-jmeter
2017-09-17 15:27:22,617 INFO o.a.j.JMeter: user.dir  =E:\rails-dev\project\cmock
2017-09-17 15:27:22,617 INFO o.a.j.JMeter: PWD       =E:\rails-dev\project\cmock
2017-09-17 15:27:22,619 INFO o.a.j.JMeter: IP: 172.168.1.109 Name: PC-20170520LYOB FullName: PC-20170520LYOB
2017-09-17 15:27:22,622 INFO o.a.j.s.FileServer: Default base='E:\rails-dev\project\cmock'
2017-09-17 15:27:22,622 INFO o.a.j.s.FileServer: Set new base='E:\rails-dev\project\cmock\public\script'
2017-09-17 15:27:22,737 INFO o.a.j.s.SaveService: Testplan (JMX) version: 2.2. Testlog (JTL) version: 2.2
2017-09-17 15:27:22,759 INFO o.a.j.s.SaveService: Using SaveService properties file encoding UTF-8
2017-09-17 15:27:22,765 INFO o.a.j.s.SaveService: Using SaveService properties version 3.2
2017-09-17 15:27:22,771 INFO o.a.j.s.SaveService: Loading file: E:\rails-dev\project\cmock\public\script\1505557417.jmx
2017-09-17 15:27:22,813 INFO o.a.j.p.h.c.CacheManager: Will only cache the following methods: [GET]
2017-09-17 15:27:22,815 INFO o.a.j.p.h.c.CookieManager: Settings: Delete null: true Check: true Allow variable: true Save: false Prefix: COOKIE_
2017-09-17 15:27:22,827 INFO o.a.j.p.h.s.HTTPSamplerBase: Parser for text/html is org.apache.jmeter.protocol.http.parser.LagartoBasedHtmlParser
2017-09-17 15:27:22,827 INFO o.a.j.p.h.s.HTTPSamplerBase: Parser for application/xhtml+xml is org.apache.jmeter.protocol.http.parser.LagartoBasedHtmlParser
2017-09-17 15:27:22,827 INFO o.a.j.p.h.s.HTTPSamplerBase: Parser for application/xml is org.apache.jmeter.protocol.http.parser.LagartoBasedHtmlParser
2017-09-17 15:27:22,827 INFO o.a.j.p.h.s.HTTPSamplerBase: Parser for text/xml is org.apache.jmeter.protocol.http.parser.LagartoBasedHtmlParser
2017-09-17 15:27:22,827 INFO o.a.j.p.h.s.HTTPSamplerBase: Parser for text/vnd.wap.wml is org.apache.jmeter.protocol.http.parser.RegexpHTMLParser
2017-09-17 15:27:22,827 INFO o.a.j.p.h.s.HTTPSamplerBase: Parser for text/css is org.apache.jmeter.protocol.http.parser.CssParser
2017-09-17 15:27:22,876 INFO o.a.j.JMeter: Creating summariser <summary>
2017-09-17 15:27:22,881 INFO o.a.j.e.StandardJMeterEngine: Running the test!
2017-09-17 15:27:22,881 INFO o.a.j.s.SampleEvent: List of sample_variables: []
2017-09-17 15:27:22,881 INFO o.a.j.s.SampleEvent: List of sample_variables: []
2017-09-17 15:27:22,887 INFO o.a.j.e.u.CompoundVariable: Note: Function class names must contain the string: '.functions.'
2017-09-17 15:27:22,888 INFO o.a.j.e.u.CompoundVariable: Note: Function class names must not contain the string: '.gui.'
2017-09-17 15:27:23,451 INFO o.a.j.JMeter: 正在运行的测试 (1505633243451)
2017-09-17 15:27:23,500 INFO o.a.j.e.StandardJMeterEngine: Starting ThreadGroup: 1 : Thread Group
2017-09-17 15:27:23,500 INFO o.a.j.e.StandardJMeterEngine: Starting 1 threads for group Thread Group.
2017-09-17 15:27:23,500 INFO o.a.j.e.StandardJMeterEngine: Thread will continue on error
2017-09-17 15:27:23,500 INFO o.a.j.t.ThreadGroup: Starting thread group... number=1 threads=1 ramp-up=1 perThread=1000.0 delayedStart=false
2017-09-17 15:27:23,508 INFO o.a.j.t.ThreadGroup: Started thread group number 1
2017-09-17 15:27:23,508 INFO o.a.j.e.StandardJMeterEngine: All thread groups have been started
2017-09-17 15:27:23,512 INFO o.a.j.t.JMeterThread: Thread started: Thread Group 1-1
2017-09-17 15:27:23,525 INFO o.a.j.p.h.s.HTTPJavaImpl: Maximum connection retries = 0
2017-09-17 15:27:23,527 INFO o.a.j.s.SampleResult: Note: Sample TimeStamps are START times
2017-09-17 15:27:23,527 INFO o.a.j.s.SampleResult: sampleresult.default.encoding is set to ISO-8859-1
2017-09-17 15:27:23,527 INFO o.a.j.s.SampleResult: sampleresult.useNanoTime=true
2017-09-17 15:27:23,528 INFO o.a.j.s.SampleResult: sampleresult.nanoThreadSleep=5000
2017-09-17 15:27:27,597 INFO o.a.j.t.JMeterThread: Thread is done: Thread Group 1-1
2017-09-17 15:27:27,598 INFO o.a.j.t.JMeterThread: Thread finished: Thread Group 1-1
2017-09-17 15:27:27,599 INFO o.a.j.e.StandardJMeterEngine: Notifying test listeners of end of test
2017-09-17 15:27:27,601 INFO o.a.j.r.Summariser: summary =      4 in 00:00:04 =    1.0/s Avg:  1010 Min:  1006 Max:  1018 Err:     4 (100.00%)
